<?xml version="1.0" encoding="UTF-8"?>
<!-- Generated by org.testng.reporters.JUnitReportReporter -->
<testsuite skipped="0" hostname="DESKTOP-TB2GLL5" name="com.appname.seleniumprograms.DragNDropRND" tests="1" failures="0" timestamp="03 Apr 2019 14:30:37 GMT" time="10.346" errors="0">
  <testcase name="bla" time="10.346" classname="com.appname.seleniumprograms.DragNDropRND"/>
</testsuite> <!-- com.appname.seleniumprograms.DragNDropRND -->
