<?xml version="1.0" encoding="UTF-8"?>
<!-- Generated by org.testng.reporters.JUnitReportReporter -->
<testsuite skipped="0" hostname="DESKTOP-TB2GLL5" name="com.appname.seleniumprograms.AlertRND" tests="1" failures="0" timestamp="02 Apr 2019 17:01:06 GMT" time="15.857" errors="0">
  <testcase name="bla" time="15.857" classname="com.appname.seleniumprograms.AlertRND"/>
</testsuite> <!-- com.appname.seleniumprograms.AlertRND -->
